<?xml version="1.0" encoding="UTF-8"?>
<testng-results ignored="0" total="6" passed="6" failed="0" skipped="0">
  <reporter-output>
  </reporter-output>
  <suite started-at="2024-03-09T11:21:18 IST" name="Suite" finished-at="2024-03-09T11:21:31 IST" duration-ms="12611">
    <groups>
    </groups>
    <test started-at="2024-03-09T11:21:18 IST" name="Test" finished-at="2024-03-09T11:21:31 IST" duration-ms="12611">
      <class name="TestPackage.Test_Case_6">
        <test-method signature="executor()[pri:0, instance:TestPackage.Test_Case_6@7b205dbd]" started-at="2024-03-09T11:21:30 IST" name="executor" finished-at="2024-03-09T11:21:31 IST" duration-ms="883" status="PASS">
          <reporter-output>
          </reporter-output>
        </test-method> <!-- executor -->
      </class> <!-- TestPackage.Test_Case_6 -->
      <class name="TestPackage.Test_Case_4">
        <test-method signature="executor()[pri:0, instance:TestPackage.Test_Case_4@2c78d320]" started-at="2024-03-09T11:21:28 IST" name="executor" finished-at="2024-03-09T11:21:30 IST" duration-ms="1122" status="PASS">
          <reporter-output>
          </reporter-output>
        </test-method> <!-- executor -->
      </class> <!-- TestPackage.Test_Case_4 -->
      <class name="TestPackage.Test_Case_5">
        <test-method signature="executor()[pri:0, instance:TestPackage.Test_Case_5@132e0cc]" started-at="2024-03-09T11:21:30 IST" name="executor" finished-at="2024-03-09T11:21:30 IST" duration-ms="631" status="PASS">
          <reporter-output>
          </reporter-output>
        </test-method> <!-- executor -->
      </class> <!-- TestPackage.Test_Case_5 -->
      <class name="TestPackage.Test_Case_2">
        <test-method signature="executor()[pri:0, instance:TestPackage.Test_Case_2@5c44c582]" started-at="2024-03-09T11:21:26 IST" name="executor" finished-at="2024-03-09T11:21:28 IST" duration-ms="1157" status="PASS">
          <reporter-output>
          </reporter-output>
        </test-method> <!-- executor -->
      </class> <!-- TestPackage.Test_Case_2 -->
      <class name="TestPackage.Test_Case_3">
        <test-method signature="executor()[pri:0, instance:TestPackage.Test_Case_3@67d18ed7]" started-at="2024-03-09T11:21:28 IST" name="executor" finished-at="2024-03-09T11:21:28 IST" duration-ms="764" status="PASS">
          <reporter-output>
          </reporter-output>
        </test-method> <!-- executor -->
      </class> <!-- TestPackage.Test_Case_3 -->
      <class name="TestPackage.Test_Case_1">
        <test-method signature="executor()[pri:0, instance:TestPackage.Test_Case_1@5be46f9d]" started-at="2024-03-09T11:21:19 IST" name="executor" finished-at="2024-03-09T11:21:26 IST" duration-ms="7024" status="PASS">
          <reporter-output>
          </reporter-output>
        </test-method> <!-- executor -->
      </class> <!-- TestPackage.Test_Case_1 -->
    </test> <!-- Test -->
  </suite> <!-- Suite -->
</testng-results>
