<?xml version="1.0" encoding="UTF-8"?>
<!-- Generated by org.testng.reporters.JUnitXMLReporter -->
<testsuite ignored="0" hostname="Gaurav" failures="0" tests="4" name="Default test" time="9.14" errors="0" timestamp="2024-03-07T20:48:30 IST">
  <testcase classname="TestPackage.Test_Case_4" name="executor" time="6.726"/>
  <testcase classname="TestPackage.Test_Case_2" name="executor" time="0.695"/>
  <testcase classname="TestPackage.Test_Case_3" name="executor" time="0.758"/>
  <testcase classname="TestPackage.Test_Case_1" name="executor" time="0.7"/>
</testsuite> <!-- Default test -->
