<?xml version="1.0" encoding="UTF-8"?>
<!-- Generated by org.testng.reporters.JUnitXMLReporter -->
<testsuite ignored="0" hostname="Gaurav" failures="1" tests="10" name="API_Package_Runner" time="13.091" errors="0" timestamp="2024-03-08T09:42:06 IST">
  <testcase classname="TestPackage.TestNg_Annotation_RestAssured" name="validator" time="5.166"/>
  <testcase classname="TestPackage.TestNG_DataProvider_DiffClass" name="validator" time="0.0">
    <failure type="org.testng.TestNGException" message="
Method public void TestPackage.TestNG_DataProvider_DiffClass.validator(java.lang.String,java.lang.String) throws java.io.IOException requires a @DataProvider named : requestBody in class Repository.RequestBody">
      <![CDATA[org.testng.TestNGException: 
Method public void TestPackage.TestNG_DataProvider_DiffClass.validator(java.lang.String,java.lang.String) throws java.io.IOException requires a @DataProvider named : requestBody in class Repository.RequestBody
at java.base/java.util.ArrayList.forEach(ArrayList.java:1511)
... Removed 24 stack frames]]>
    </failure>
  </testcase> <!-- validator -->
  <testcase classname="TestPackage.TestNG_DataProvider_SameClass" name="validator" time="0.663"/>
  <testcase classname="TestPackage.TestNG_DataProvider_SameClass" name="validator" time="0.58"/>
  <testcase classname="TestPackage.Test_Case_1" name="executor" time="0.7"/>
  <testcase classname="TestPackage.Test_Case_2" name="executor" time="1.125"/>
  <testcase classname="TestPackage.Test_Case_3" name="executor" time="0.588"/>
  <testcase classname="TestPackage.Test_Case_4" name="executor" time="0.578"/>
  <testcase classname="TestPackage.Test_Case_5" name="executor" time="0.559"/>
  <testcase classname="TestPackage.Test_Case_6" name="executor" time="0.585"/>
</testsuite> <!-- API_Package_Runner -->
