<?xml version="1.0" encoding="UTF-8"?>
<!-- Generated by org.testng.reporters.JUnitXMLReporter -->
<testsuite ignored="0" hostname="Gaurav" failures="0" tests="6" name="API_Class_Runner" time="11.192" errors="0" timestamp="2024-03-07T20:59:10 IST">
  <testcase classname="TestPackage.Test_Case_1" name="executor" time="7.314"/>
  <testcase classname="TestPackage.Test_Case_2" name="executor" time="0.776"/>
  <testcase classname="TestPackage.Test_Case_3" name="executor" time="0.798"/>
  <testcase classname="TestPackage.Test_Case_4" name="executor" time="0.675"/>
  <testcase classname="TestPackage.Test_Case_5" name="executor" time="0.706"/>
  <testcase classname="TestPackage.Test_Case_6" name="executor" time="0.608"/>
</testsuite> <!-- API_Class_Runner -->
