<?xml version="1.0" encoding="UTF-8"?>
<!-- Generated by org.testng.reporters.JUnitXMLReporter -->
<testsuite ignored="0" hostname="Gaurav" failures="0" tests="6" name="Test" time="12.611" errors="0" timestamp="2024-03-09T11:21:32 IST">
  <testcase classname="TestPackage.Test_Case_1" name="executor" time="7.024"/>
  <testcase classname="TestPackage.Test_Case_2" name="executor" time="1.157"/>
  <testcase classname="TestPackage.Test_Case_3" name="executor" time="0.764"/>
  <testcase classname="TestPackage.Test_Case_4" name="executor" time="1.122"/>
  <testcase classname="TestPackage.Test_Case_5" name="executor" time="0.631"/>
  <testcase classname="TestPackage.Test_Case_6" name="executor" time="0.883"/>
</testsuite> <!-- Test -->
